app/build/intermediates/manifest_merge_blame_file/debug/manifest-merger-blame-debug-report.txt
1<?xml version="1.0" encoding="utf-8"?>
2<manifest xmlns:android="http://schemas.android.com/apk/res/android"
3    package="com.wzjer.jokercg"
4    android:versionCode="817"
5    android:versionName="8.18" >
6
7    <uses-sdk
8        android:minSdkVersion="19"
8-->src\main\AndroidManifest.xml
9        android:targetSdkVersion="29" />
9-->src\main\AndroidManifest.xml
10
11    <application
11-->src\main\AndroidManifest.xml:6:5-31:19
12        android:name="com.wzjer.jokercg.MyApplication"
12-->src\main\AndroidManifest.xml:7:9-38
13        android:allowBackup="true"
13-->src\main\AndroidManifest.xml:9:9-35
14        android:appComponentFactory="androidx.core.app.CoreComponentFactory"
14-->[androidx.core:core:1.3.1] AndroidManifest.xml:24:18-86
15        android:debuggable="true"
16        android:exported="true"
16-->src\main\AndroidManifest.xml:8:9-32
17        android:icon="@mipmap/ic_launcher"
17-->src\main\AndroidManifest.xml:10:9-43
18        android:label="@string/app_name"
18-->src\main\AndroidManifest.xml:11:9-41
19        android:roundIcon="@mipmap/ic_launcher_round"
19-->src\main\AndroidManifest.xml:12:9-54
20        android:supportsRtl="true"
20-->src\main\AndroidManifest.xml:13:9-35
21        android:theme="@style/Theme.XposedSample" >
21-->src\main\AndroidManifest.xml:14:9-50
22        <meta-data
22-->src\main\AndroidManifest.xml:15:9-17:35
23            android:name="xposedmodule"
23-->src\main\AndroidManifest.xml:16:13-40
24            android:value="true" />
24-->src\main\AndroidManifest.xml:17:13-33
25        <meta-data
25-->src\main\AndroidManifest.xml:18:9-20:37
26            android:name="xposeddescription"
26-->src\main\AndroidManifest.xml:19:13-45
27            android:value="创高秒刷模块" />
27-->src\main\AndroidManifest.xml:20:13-35
28        <meta-data
28-->src\main\AndroidManifest.xml:21:9-23:33
29            android:name="xposedminversion"
29-->src\main\AndroidManifest.xml:22:13-44
30            android:value="82" />
30-->src\main\AndroidManifest.xml:23:13-31
31
32        <activity android:name="com.wzjer.jokercg.MainActivity" >
32-->src\main\AndroidManifest.xml:24:9-30:20
32-->src\main\AndroidManifest.xml:24:19-47
33            <intent-filter>
33-->src\main\AndroidManifest.xml:25:13-29:29
34                <action android:name="android.intent.action.MAIN" />
34-->src\main\AndroidManifest.xml:26:17-69
34-->src\main\AndroidManifest.xml:26:25-66
35
36                <category android:name="android.intent.category.LAUNCHER" />
36-->src\main\AndroidManifest.xml:28:17-77
36-->src\main\AndroidManifest.xml:28:27-74
37            </intent-filter>
38        </activity>
39    </application>
40
41</manifest>